<?xml version="1.0" encoding="UTF-8"?>
<!-- Generated by org.testng.reporters.JUnitXMLReporter -->
<testsuite hostname="Admin-PC" ignored="3" name="Default test" tests="1" failures="0" timestamp="2019-12-28T18:12:27 EST" time="12.742" errors="0">
  <testcase name="verifyHomePageTitle" time="0.02" classname="tech.digitalpoint.software.testcases.HomePageTest"/>
  <testcase name="linkfunctiolality" time="0.0" classname="tech.digitalpoint.software.testcases.HomePageTest">
    <ignored/>
  </testcase> <!-- linkfunctiolality -->
  <testcase name="checkKnowledgecenter" time="0.0" classname="tech.digitalpoint.software.testcases.HomePageTest">
    <ignored/>
  </testcase> <!-- checkKnowledgecenter -->
  <testcase name="regPageValidation" time="0.0" classname="tech.digitalpoint.software.testcases.HomePageTest">
    <ignored/>
  </testcase> <!-- regPageValidation -->
</testsuite> <!-- Default test -->
