<?xml version="1.0" encoding="UTF-8"?>
<testng-results skipped="0" failed="1" ignored="0" total="4" passed="3">
  <reporter-output>
  </reporter-output>
  <suite name="Suite" duration-ms="145542" started-at="2019-12-28T18:42:02 EST" finished-at="2019-12-28T18:44:28 EST">
    <groups>
    </groups>
    <test name="Test" duration-ms="145542" started-at="2019-12-28T18:42:02 EST" finished-at="2019-12-28T18:44:28 EST">
      <class name="tech.digitalpoint.software.testcases.HomePageTest">
        <test-method status="PASS" signature="browserSetup()[pri:0, instance:tech.digitalpoint.software.testcases.HomePageTest@59494225]" name="browserSetup" is-config="true" duration-ms="12097" started-at="2019-12-28T18:42:02 EST" finished-at="2019-12-28T18:42:14 EST">
          <reporter-output>
          </reporter-output>
        </test-method> <!-- browserSetup -->
        <test-method status="PASS" signature="checkKnowledgecenter()[pri:0, instance:tech.digitalpoint.software.testcases.HomePageTest@59494225]" name="checkKnowledgecenter" duration-ms="15922" started-at="2019-12-28T18:42:14 EST" finished-at="2019-12-28T18:42:30 EST">
          <reporter-output>
          </reporter-output>
        </test-method> <!-- checkKnowledgecenter -->
        <test-method status="PASS" signature="see()[pri:0, instance:tech.digitalpoint.software.testcases.HomePageTest@59494225]" name="see" is-config="true" duration-ms="648" started-at="2019-12-28T18:42:30 EST" finished-at="2019-12-28T18:42:31 EST">
          <reporter-output>
          </reporter-output>
        </test-method> <!-- see -->
        <test-method status="PASS" signature="browserSetup()[pri:0, instance:tech.digitalpoint.software.testcases.HomePageTest@59494225]" name="browserSetup" is-config="true" duration-ms="10835" started-at="2019-12-28T18:42:31 EST" finished-at="2019-12-28T18:42:42 EST">
          <reporter-output>
          </reporter-output>
        </test-method> <!-- browserSetup -->
        <test-method status="PASS" signature="linkfunctiolality()[pri:0, instance:tech.digitalpoint.software.testcases.HomePageTest@59494225]" name="linkfunctiolality" duration-ms="808" started-at="2019-12-28T18:42:42 EST" finished-at="2019-12-28T18:42:42 EST">
          <reporter-output>
          </reporter-output>
        </test-method> <!-- linkfunctiolality -->
        <test-method status="PASS" signature="see()[pri:0, instance:tech.digitalpoint.software.testcases.HomePageTest@59494225]" name="see" is-config="true" duration-ms="1257" started-at="2019-12-28T18:42:42 EST" finished-at="2019-12-28T18:42:44 EST">
          <reporter-output>
          </reporter-output>
        </test-method> <!-- see -->
        <test-method status="PASS" signature="browserSetup()[pri:0, instance:tech.digitalpoint.software.testcases.HomePageTest@59494225]" name="browserSetup" is-config="true" duration-ms="10660" started-at="2019-12-28T18:42:44 EST" finished-at="2019-12-28T18:42:54 EST">
          <reporter-output>
          </reporter-output>
        </test-method> <!-- browserSetup -->
        <test-method status="FAIL" signature="regPageValidation()[pri:0, instance:tech.digitalpoint.software.testcases.HomePageTest@59494225]" name="regPageValidation" duration-ms="81131" started-at="2019-12-28T18:42:54 EST" finished-at="2019-12-28T18:44:16 EST">
          <exception class="org.openqa.selenium.ElementNotInteractableException">
            <message>
              <![CDATA[element not interactable
  (Session info: chrome=79.0.3945.88)
Build info: version: '3.141.59', revision: 'e82be7d358', time: '2018-11-14T08:17:03'
System info: host: 'ADMIN-PC', ip: '192.168.1.138', os.name: 'Windows 10', os.arch: 'amd64', os.version: '10.0', java.version: '1.8.0_231'
Driver info: org.openqa.selenium.chrome.ChromeDriver
Capabilities {acceptInsecureCerts: false, browserName: chrome, browserVersion: 79.0.3945.88, chrome: {chromedriverVersion: 79.0.3945.36 (3582db32b3389..., userDataDir: C:\Users\Admin\AppData\Loca...}, goog:chromeOptions: {debuggerAddress: localhost:54229}, javascriptEnabled: true, networkConnectionEnabled: false, pageLoadStrategy: normal, platform: WINDOWS, platformName: WINDOWS, proxy: Proxy(), setWindowRect: true, strictFileInteractability: false, timeouts: {implicit: 0, pageLoad: 300000, script: 30000}, unhandledPromptBehavior: dismiss and notify}
Session ID: 8c870f530a491a084c7ef8e54e661d3a]]>
            </message>
            <full-stacktrace>
              <![CDATA[org.openqa.selenium.ElementNotInteractableException: element not interactable
  (Session info: chrome=79.0.3945.88)
Build info: version: '3.141.59', revision: 'e82be7d358', time: '2018-11-14T08:17:03'
System info: host: 'ADMIN-PC', ip: '192.168.1.138', os.name: 'Windows 10', os.arch: 'amd64', os.version: '10.0', java.version: '1.8.0_231'
Driver info: org.openqa.selenium.chrome.ChromeDriver
Capabilities {acceptInsecureCerts: false, browserName: chrome, browserVersion: 79.0.3945.88, chrome: {chromedriverVersion: 79.0.3945.36 (3582db32b3389..., userDataDir: C:\Users\Admin\AppData\Loca...}, goog:chromeOptions: {debuggerAddress: localhost:54229}, javascriptEnabled: true, networkConnectionEnabled: false, pageLoadStrategy: normal, platform: WINDOWS, platformName: WINDOWS, proxy: Proxy(), setWindowRect: true, strictFileInteractability: false, timeouts: {implicit: 0, pageLoad: 300000, script: 30000}, unhandledPromptBehavior: dismiss and notify}
Session ID: 8c870f530a491a084c7ef8e54e661d3a
at sun.reflect.NativeConstructorAccessorImpl.newInstance0(Native Method)
at sun.reflect.NativeConstructorAccessorImpl.newInstance(NativeConstructorAccessorImpl.java:62)
at sun.reflect.DelegatingConstructorAccessorImpl.newInstance(DelegatingConstructorAccessorImpl.java:45)
at java.lang.reflect.Constructor.newInstance(Constructor.java:423)
at org.openqa.selenium.remote.http.W3CHttpResponseCodec.createException(W3CHttpResponseCodec.java:187)
at org.openqa.selenium.remote.http.W3CHttpResponseCodec.decode(W3CHttpResponseCodec.java:122)
at org.openqa.selenium.remote.http.W3CHttpResponseCodec.decode(W3CHttpResponseCodec.java:49)
at org.openqa.selenium.remote.HttpCommandExecutor.execute(HttpCommandExecutor.java:158)
at org.openqa.selenium.remote.service.DriverCommandExecutor.execute(DriverCommandExecutor.java:83)
at org.openqa.selenium.remote.RemoteWebDriver.execute(RemoteWebDriver.java:552)
at org.openqa.selenium.remote.RemoteWebElement.execute(RemoteWebElement.java:285)
at org.openqa.selenium.remote.RemoteWebElement.sendKeys(RemoteWebElement.java:106)
at tech.digitalpoint.software.elementlocator.HomePage.doRegisration(HomePage.java:70)
at tech.digitalpoint.software.testcases.HomePageTest.regPageValidation(HomePageTest.java:45)
at sun.reflect.NativeMethodAccessorImpl.invoke0(Native Method)
at sun.reflect.NativeMethodAccessorImpl.invoke(NativeMethodAccessorImpl.java:62)
at sun.reflect.DelegatingMethodAccessorImpl.invoke(DelegatingMethodAccessorImpl.java:43)
at java.lang.reflect.Method.invoke(Method.java:498)
at org.testng.internal.MethodInvocationHelper.invokeMethod(MethodInvocationHelper.java:133)
at org.testng.internal.TestInvoker.invokeMethod(TestInvoker.java:584)
at org.testng.internal.TestInvoker.invokeTestMethod(TestInvoker.java:172)
at org.testng.internal.MethodRunner.runInSequence(MethodRunner.java:46)
at org.testng.internal.TestInvoker$MethodInvocationAgent.invoke(TestInvoker.java:804)
at org.testng.internal.TestInvoker.invokeTestMethods(TestInvoker.java:145)
at org.testng.internal.TestMethodWorker.invokeTestMethods(TestMethodWorker.java:146)
at org.testng.internal.TestMethodWorker.run(TestMethodWorker.java:128)
at java.util.ArrayList.forEach(ArrayList.java:1257)
at org.testng.TestRunner.privateRun(TestRunner.java:770)
at org.testng.TestRunner.run(TestRunner.java:591)
at org.testng.SuiteRunner.runTest(SuiteRunner.java:402)
at org.testng.SuiteRunner.runSequentially(SuiteRunner.java:396)
at org.testng.SuiteRunner.privateRun(SuiteRunner.java:355)
at org.testng.SuiteRunner.run(SuiteRunner.java:304)
at org.testng.SuiteRunnerWorker.runSuite(SuiteRunnerWorker.java:53)
at org.testng.SuiteRunnerWorker.run(SuiteRunnerWorker.java:96)
at org.testng.TestNG.runSuitesSequentially(TestNG.java:1180)
at org.testng.TestNG.runSuitesLocally(TestNG.java:1102)
at org.testng.TestNG.runSuites(TestNG.java:1032)
at org.testng.TestNG.run(TestNG.java:1000)
at org.apache.maven.surefire.testng.TestNGExecutor.run(TestNGExecutor.java:283)
at org.apache.maven.surefire.testng.TestNGXmlTestSuite.execute(TestNGXmlTestSuite.java:75)
at org.apache.maven.surefire.testng.TestNGProvider.invoke(TestNGProvider.java:120)
at org.apache.maven.surefire.booter.ForkedBooter.runSuitesInProcess(ForkedBooter.java:377)
at org.apache.maven.surefire.booter.ForkedBooter.execute(ForkedBooter.java:138)
at org.apache.maven.surefire.booter.ForkedBooter.run(ForkedBooter.java:465)
at org.apache.maven.surefire.booter.ForkedBooter.main(ForkedBooter.java:451)
]]>
            </full-stacktrace>
          </exception> <!-- org.openqa.selenium.ElementNotInteractableException -->
          <reporter-output>
          </reporter-output>
        </test-method> <!-- regPageValidation -->
        <test-method status="PASS" signature="see()[pri:0, instance:tech.digitalpoint.software.testcases.HomePageTest@59494225]" name="see" is-config="true" duration-ms="629" started-at="2019-12-28T18:44:16 EST" finished-at="2019-12-28T18:44:16 EST">
          <reporter-output>
          </reporter-output>
        </test-method> <!-- see -->
        <test-method status="PASS" signature="browserSetup()[pri:0, instance:tech.digitalpoint.software.testcases.HomePageTest@59494225]" name="browserSetup" is-config="true" duration-ms="10847" started-at="2019-12-28T18:44:16 EST" finished-at="2019-12-28T18:44:27 EST">
          <reporter-output>
          </reporter-output>
        </test-method> <!-- browserSetup -->
        <test-method status="PASS" signature="verifyHomePageTitle()[pri:0, instance:tech.digitalpoint.software.testcases.HomePageTest@59494225]" name="verifyHomePageTitle" duration-ms="10" started-at="2019-12-28T18:44:27 EST" finished-at="2019-12-28T18:44:27 EST">
          <reporter-output>
          </reporter-output>
        </test-method> <!-- verifyHomePageTitle -->
        <test-method status="PASS" signature="see()[pri:0, instance:tech.digitalpoint.software.testcases.HomePageTest@59494225]" name="see" is-config="true" duration-ms="644" started-at="2019-12-28T18:44:27 EST" finished-at="2019-12-28T18:44:28 EST">
          <reporter-output>
          </reporter-output>
        </test-method> <!-- see -->
      </class> <!-- tech.digitalpoint.software.testcases.HomePageTest -->
    </test> <!-- Test -->
  </suite> <!-- Suite -->
</testng-results>
