<?xml version="1.0" encoding="UTF-8"?>
<testng-results skipped="0" failed="0" ignored="3" total="4" passed="1">
  <reporter-output>
  </reporter-output>
  <suite name="Default suite" duration-ms="12742" started-at="2019-12-28T18:12:14 EST" finished-at="2019-12-28T18:12:27 EST">
    <groups>
    </groups>
    <test name="Default test" duration-ms="12742" started-at="2019-12-28T18:12:14 EST" finished-at="2019-12-28T18:12:27 EST">
      <class name="tech.digitalpoint.software.testcases.HomePageTest">
        <test-method status="PASS" signature="browserSetup()[pri:0, instance:tech.digitalpoint.software.testcases.HomePageTest@30b8a058]" name="browserSetup" is-config="true" duration-ms="12046" started-at="2019-12-28T18:12:14 EST" finished-at="2019-12-28T18:12:26 EST">
          <reporter-output>
          </reporter-output>
        </test-method> <!-- browserSetup -->
        <test-method status="PASS" signature="verifyHomePageTitle()[pri:0, instance:tech.digitalpoint.software.testcases.HomePageTest@30b8a058]" name="verifyHomePageTitle" duration-ms="20" started-at="2019-12-28T18:12:26 EST" finished-at="2019-12-28T18:12:26 EST">
          <reporter-output>
          </reporter-output>
        </test-method> <!-- verifyHomePageTitle -->
        <test-method status="PASS" signature="see()[pri:0, instance:tech.digitalpoint.software.testcases.HomePageTest@30b8a058]" name="see" is-config="true" duration-ms="629" started-at="2019-12-28T18:12:26 EST" finished-at="2019-12-28T18:12:27 EST">
          <reporter-output>
          </reporter-output>
        </test-method> <!-- see -->
      </class> <!-- tech.digitalpoint.software.testcases.HomePageTest -->
    </test> <!-- Default test -->
  </suite> <!-- Default suite -->
</testng-results>
